User-Agent: Mozilla/5.0 (Macintosh; Intel Mac OS X 10.15; rv:109.0) Gecko/20100101 Firefox/116.0, URL: /index.html
User-Agent: Mozilla/5.0 (Macintosh; Intel Mac OS X 10.15; rv:109.0) Gecko/20100101 Firefox/116.0, URL: /home.html
User-Agent: Mozilla/5.0 (Macintosh; Intel Mac OS X 10.15; rv:109.0) Gecko/20100101 Firefox/116.0, URL: /index.html
User-Agent: Mozilla/5.0 (Macintosh; Intel Mac OS X 10.15; rv:109.0) Gecko/20100101 Firefox/116.0, URL: /index.html
User-Agent: Mozilla/5.0 (Macintosh; Intel Mac OS X 10.15; rv:109.0) Gecko/20100101 Firefox/116.0, URL: /home.html
User-Agent: Mozilla/5.0 (Macintosh; Intel Mac OS X 10.15; rv:109.0) Gecko/20100101 Firefox/116.0, URL: /index.html
Authentication failed for user: fgkd;l:klf;lgkd
Authentication failed for user: riddhi:ewrew
Authentication successful for user: admin:password321
Authentication successful for user: admin:password321
Authentication failed for user: riddhi:riddhi
Authentication failed for user: admin:password123
Authentication successful for user: admin:password321
Authentication successful for user: admin:password321
Authentication successful for user: admin:password321
Authentication successful for user: admin:password321
Authentication successful for user: admin:password321
Authentication successful for user: admin:password321
Authentication successful for user: admin:password321
Authentication successful for user: admin:password321
Authentication successful for user: admin:password321
Authentication successful for user: admin:password321
Authentication successful for user: admin:password321
Authentication successful for user: admin:password321
Authentication successful for user: admin:password321
Authentication successful for user: admin:password321
Authentication failed for user: riddhi:riddhi
Authentication failed for user: riddhi:riddhi
Authentication failed for user: riddhi:riddhi
Authentication failed for user: riddhi:riddhi
Authentication failed for user: riddhi:riddhi
Authentication failed for user: riddhi:riddhi
Authentication successful for user: riddhi
Authentication successful for user: mirage
Authentication successful for user: mirage
Authentication successful for user: mirage
Authentication successful for user: 
